{"/Users/y.nevinskaya/WebstormProjects/rsschool-react-app/src/main.tsx": {"path":"/Users/y.nevinskaya/WebstormProjects/rsschool-react-app/src/main.tsx","statementMap":{"0":{"start":{"line":1,"column":0},"end":{"line":1,"column":26}},"1":{"start":{"line":2,"column":0},"end":{"line":2,"column":46}},"2":{"start":{"line":3,"column":0},"end":{"line":3,"column":24}},"3":{"start":{"line":4,"column":0},"end":{"line":4,"column":55}},"4":{"start":{"line":6,"column":0},"end":{"line":12,"column":2}}},"fnMap":{},"branchMap":{},"s":{"0":0,"1":0,"2":0,"3":0,"4":0},"f":{},"b":{}}
,"/Users/y.nevinskaya/WebstormProjects/rsschool-react-app/src/components/Card.tsx": {"path":"/Users/y.nevinskaya/WebstormProjects/rsschool-react-app/src/components/Card.tsx","statementMap":{"0":{"start":{"line":8,"column":34},"end":{"line":15,"column":1}},"1":{"start":{"line":9,"column":2},"end":{"line":14,"column":4}},"2":{"start":{"line":18,"column":0},"end":{"line":18,"column":20}}},"fnMap":{"0":{"name":"(anonymous_0)","decl":{"start":{"line":8,"column":34},"end":{"line":8,"column":35}},"loc":{"start":{"line":8,"column":67},"end":{"line":15,"column":1}}}},"branchMap":{},"s":{"0":2,"1":7,"2":2},"f":{"0":7},"b":{}}
,"/Users/y.nevinskaya/WebstormProjects/rsschool-react-app/src/components/CardList.tsx": {"path":"/Users/y.nevinskaya/WebstormProjects/rsschool-react-app/src/components/CardList.tsx","statementMap":{"0":{"start":{"line":1,"column":0},"end":{"line":1,"column":51}},"1":{"start":{"line":2,"column":0},"end":{"line":2,"column":51}},"2":{"start":{"line":3,"column":0},"end":{"line":3,"column":26}},"3":{"start":{"line":4,"column":0},"end":{"line":4,"column":32}},"4":{"start":{"line":5,"column":0},"end":{"line":5,"column":38}},"5":{"start":{"line":6,"column":0},"end":{"line":6,"column":43}},"6":{"start":{"line":18,"column":42},"end":{"line":95,"column":1}},"7":{"start":{"line":19,"column":34},"end":{"line":19,"column":57}},"8":{"start":{"line":20,"column":38},"end":{"line":20,"column":57}},"9":{"start":{"line":21,"column":32},"end":{"line":21,"column":56}},"10":{"start":{"line":22,"column":28},"end":{"line":22,"column":57}},"11":{"start":{"line":24,"column":42},"end":{"line":24,"column":59}},"12":{"start":{"line":25,"column":15},"end":{"line":25,"column":52}},"13":{"start":{"line":26,"column":16},"end":{"line":26,"column":18}},"14":{"start":{"line":27,"column":17},"end":{"line":27,"column":35}},"15":{"start":{"line":29,"column":2},"end":{"line":61,"column":33}},"16":{"start":{"line":30,"column":4},"end":{"line":30,"column":21}},"17":{"start":{"line":31,"column":4},"end":{"line":31,"column":19}},"18":{"start":{"line":33,"column":4},"end":{"line":60,"column":9}},"19":{"start":{"line":35,"column":8},"end":{"line":35,"column":38}},"20":{"start":{"line":36,"column":8},"end":{"line":36,"column":42}},"21":{"start":{"line":39,"column":8},"end":{"line":39,"column":49}},"22":{"start":{"line":41,"column":27},"end":{"line":41,"column":72}},"23":{"start":{"line":43,"column":8},"end":{"line":53,"column":9}},"24":{"start":{"line":44,"column":10},"end":{"line":52,"column":11}},"25":{"start":{"line":45,"column":12},"end":{"line":45,"column":75}},"26":{"start":{"line":46,"column":17},"end":{"line":52,"column":11}},"27":{"start":{"line":47,"column":12},"end":{"line":47,"column":68}},"28":{"start":{"line":48,"column":17},"end":{"line":52,"column":11}},"29":{"start":{"line":49,"column":12},"end":{"line":49,"column":66}},"30":{"start":{"line":51,"column":12},"end":{"line":51,"column":73}},"31":{"start":{"line":55,"column":8},"end":{"line":55,"column":31}},"32":{"start":{"line":56,"column":8},"end":{"line":56,"column":24}},"33":{"start":{"line":59,"column":8},"end":{"line":59,"column":26}},"34":{"start":{"line":63,"column":22},"end":{"line":66,"column":3}},"35":{"start":{"line":64,"column":4},"end":{"line":64,"column":47}},"36":{"start":{"line":65,"column":4},"end":{"line":65,"column":34}},"37":{"start":{"line":68,"column":2},"end":{"line":68,"column":34}},"38":{"start":{"line":68,"column":15},"end":{"line":68,"column":34}},"39":{"start":{"line":69,"column":2},"end":{"line":69,"column":61}},"40":{"start":{"line":69,"column":13},"end":{"line":69,"column":61}},"41":{"start":{"line":71,"column":2},"end":{"line":94,"column":4}},"42":{"start":{"line":77,"column":14},"end":{"line":78,"column":null}},"43":{"start":{"line":82,"column":31},"end":{"line":82,"column":54}},"44":{"start":{"line":97,"column":0},"end":{"line":97,"column":24}}},"fnMap":{"0":{"name":"(anonymous_1)","decl":{"start":{"line":18,"column":42},"end":{"line":18,"column":43}},"loc":{"start":{"line":18,"column":61},"end":{"line":95,"column":1}}},"1":{"name":"(anonymous_2)","decl":{"start":{"line":29,"column":12},"end":{"line":29,"column":15}},"loc":{"start":{"line":29,"column":17},"end":{"line":61,"column":3}}},"2":{"name":"(anonymous_3)","decl":{"start":{"line":34,"column":12},"end":{"line":34,"column":13}},"loc":{"start":{"line":34,"column":24},"end":{"line":37,"column":7}}},"3":{"name":"(anonymous_4)","decl":{"start":{"line":38,"column":13},"end":{"line":38,"column":14}},"loc":{"start":{"line":38,"column":23},"end":{"line":57,"column":7}}},"4":{"name":"(anonymous_5)","decl":{"start":{"line":58,"column":15},"end":{"line":58,"column":18}},"loc":{"start":{"line":58,"column":20},"end":{"line":60,"column":7}}},"5":{"name":"(anonymous_6)","decl":{"start":{"line":63,"column":22},"end":{"line":63,"column":23}},"loc":{"start":{"line":63,"column":37},"end":{"line":66,"column":3}}},"6":{"name":"(anonymous_7)","decl":{"start":{"line":76,"column":25},"end":{"line":76,"column":26}},"loc":{"start":{"line":77,"column":14},"end":{"line":78,"column":null}}},"7":{"name":"(anonymous_8)","decl":{"start":{"line":82,"column":25},"end":{"line":82,"column":28}},"loc":{"start":{"line":82,"column":31},"end":{"line":82,"column":54}}}},"branchMap":{"0":{"loc":{"start":{"line":25,"column":15},"end":{"line":25,"column":52}},"type":"binary-expr","locations":[{"start":{"line":25,"column":15},"end":{"line":25,"column":47}},{"start":{"line":25,"column":51},"end":{"line":25,"column":52}}]},"1":{"loc":{"start":{"line":43,"column":8},"end":{"line":53,"column":9}},"type":"if","locations":[{"start":{"line":43,"column":8},"end":{"line":53,"column":9}}]},"2":{"loc":{"start":{"line":44,"column":10},"end":{"line":52,"column":11}},"type":"if","locations":[{"start":{"line":44,"column":10},"end":{"line":52,"column":11}},{"start":{"line":46,"column":17},"end":{"line":52,"column":11}}]},"3":{"loc":{"start":{"line":46,"column":17},"end":{"line":52,"column":11}},"type":"if","locations":[{"start":{"line":46,"column":17},"end":{"line":52,"column":11}},{"start":{"line":48,"column":17},"end":{"line":52,"column":11}}]},"4":{"loc":{"start":{"line":48,"column":17},"end":{"line":52,"column":11}},"type":"if","locations":[{"start":{"line":48,"column":17},"end":{"line":52,"column":11}},{"start":{"line":50,"column":17},"end":{"line":52,"column":11}}]},"5":{"loc":{"start":{"line":68,"column":2},"end":{"line":68,"column":34}},"type":"if","locations":[{"start":{"line":68,"column":2},"end":{"line":68,"column":34}}]},"6":{"loc":{"start":{"line":69,"column":2},"end":{"line":69,"column":61}},"type":"if","locations":[{"start":{"line":69,"column":2},"end":{"line":69,"column":61}}]},"7":{"loc":{"start":{"line":75,"column":11},"end":{"line":86,"column":null}},"type":"cond-expr","locations":[{"start":{"line":76,"column":12},"end":{"line":84,"column":14}},{"start":{"line":86,"column":12},"end":{"line":86,"column":103}}]},"8":{"loc":{"start":{"line":90,"column":9},"end":{"line":90,"column":90}},"type":"binary-expr","locations":[{"start":{"line":90,"column":9},"end":{"line":90,"column":27}},{"start":{"line":90,"column":31},"end":{"line":90,"column":90}}]}},"s":{"0":1,"1":1,"2":1,"3":1,"4":1,"5":1,"6":1,"7":26,"8":26,"9":26,"10":26,"11":26,"12":26,"13":26,"14":26,"15":26,"16":9,"17":9,"18":9,"19":4,"20":4,"21":4,"22":4,"23":4,"24":4,"25":1,"26":3,"27":1,"28":2,"29":1,"30":1,"31":4,"32":4,"33":8,"34":26,"35":1,"36":1,"37":26,"38":9,"39":17,"40":4,"41":13,"42":6,"43":1,"44":1},"f":{"0":26,"1":9,"2":4,"3":4,"4":8,"5":1,"6":6,"7":1},"b":{"0":[26,0],"1":[4],"2":[1,3],"3":[1,2],"4":[1,1],"5":[9],"6":[4],"7":[3,10],"8":[13,0]}}
,"/Users/y.nevinskaya/WebstormProjects/rsschool-react-app/src/components/ErrorBoundary.tsx": {"path":"/Users/y.nevinskaya/WebstormProjects/rsschool-react-app/src/components/ErrorBoundary.tsx","statementMap":{"0":{"start":{"line":1,"column":0},"end":{"line":1,"column":52}},"1":{"start":{"line":2,"column":0},"end":{"line":2,"column":47}},"2":{"start":{"line":10,"column":4},"end":{"line":10,"column":17}},"3":{"start":{"line":22,"column":2},"end":{"line":24,"column":null}},"4":{"start":{"line":23,"column":4},"end":{"line":23,"column":39}},"5":{"start":{"line":11,"column":4},"end":{"line":11,"column":37}},"6":{"start":{"line":15,"column":4},"end":{"line":15,"column":30}},"7":{"start":{"line":19,"column":4},"end":{"line":19,"column":70}},"8":{"start":{"line":27,"column":4},"end":{"line":36,"column":5}},"9":{"start":{"line":28,"column":6},"end":{"line":35,"column":8}},"10":{"start":{"line":38,"column":4},"end":{"line":38,"column":31}},"11":{"start":{"line":42,"column":0},"end":{"line":42,"column":29}}},"fnMap":{"0":{"name":"(anonymous_1)","decl":{"start":{"line":9,"column":2},"end":{"line":9,"column":14}},"loc":{"start":{"line":9,"column":50},"end":{"line":12,"column":3}}},"1":{"name":"(anonymous_2)","decl":{"start":{"line":22,"column":16},"end":{"line":22,"column":19}},"loc":{"start":{"line":22,"column":21},"end":{"line":24,"column":3}}},"2":{"name":"(anonymous_3)","decl":{"start":{"line":14,"column":2},"end":{"line":14,"column":8}},"loc":{"start":{"line":14,"column":33},"end":{"line":16,"column":3}}},"3":{"name":"(anonymous_4)","decl":{"start":{"line":18,"column":2},"end":{"line":18,"column":19}},"loc":{"start":{"line":18,"column":54},"end":{"line":20,"column":3}}},"4":{"name":"(anonymous_5)","decl":{"start":{"line":26,"column":2},"end":{"line":26,"column":8}},"loc":{"start":{"line":26,"column":8},"end":{"line":39,"column":3}}}},"branchMap":{"0":{"loc":{"start":{"line":27,"column":4},"end":{"line":36,"column":5}},"type":"if","locations":[{"start":{"line":27,"column":4},"end":{"line":36,"column":5}}]}},"s":{"0":1,"1":1,"2":4,"3":3,"4":0,"5":3,"6":2,"7":1,"8":5,"9":2,"10":3,"11":1},"f":{"0":4,"1":0,"2":2,"3":1,"4":5},"b":{"0":[2]}}
,"/Users/y.nevinskaya/WebstormProjects/rsschool-react-app/src/components/NotFound.tsx": {"path":"/Users/y.nevinskaya/WebstormProjects/rsschool-react-app/src/components/NotFound.tsx","statementMap":{"0":{"start":{"line":2,"column":0},"end":{"line":2,"column":40}},"1":{"start":{"line":3,"column":0},"end":{"line":3,"column":47}},"2":{"start":{"line":5,"column":27},"end":{"line":13,"column":1}},"3":{"start":{"line":6,"column":2},"end":{"line":12,"column":null}},"4":{"start":{"line":15,"column":0},"end":{"line":15,"column":24}}},"fnMap":{"0":{"name":"(anonymous_1)","decl":{"start":{"line":5,"column":27},"end":{"line":5,"column":30}},"loc":{"start":{"line":5,"column":32},"end":{"line":13,"column":1}}}},"branchMap":{},"s":{"0":0,"1":0,"2":0,"3":0,"4":0},"f":{"0":0},"b":{}}
,"/Users/y.nevinskaya/WebstormProjects/rsschool-react-app/src/components/Pagination.tsx": {"path":"/Users/y.nevinskaya/WebstormProjects/rsschool-react-app/src/components/Pagination.tsx","statementMap":{"0":{"start":{"line":2,"column":0},"end":{"line":2,"column":51}},"1":{"start":{"line":9,"column":46},"end":{"line":33,"column":1}},"2":{"start":{"line":10,"column":42},"end":{"line":10,"column":59}},"3":{"start":{"line":11,"column":22},"end":{"line":11,"column":59}},"4":{"start":{"line":12,"column":21},"end":{"line":12,"column":57}},"5":{"start":{"line":14,"column":2},"end":{"line":14,"column":35}},"6":{"start":{"line":14,"column":23},"end":{"line":14,"column":35}},"7":{"start":{"line":16,"column":27},"end":{"line":19,"column":3}},"8":{"start":{"line":17,"column":4},"end":{"line":17,"column":52}},"9":{"start":{"line":17,"column":45},"end":{"line":17,"column":52}},"10":{"start":{"line":18,"column":4},"end":{"line":18,"column":50}},"11":{"start":{"line":21,"column":2},"end":{"line":32,"column":4}},"12":{"start":{"line":23,"column":56},"end":{"line":23,"column":89}},"13":{"start":{"line":27,"column":56},"end":{"line":27,"column":89}},"14":{"start":{"line":35,"column":0},"end":{"line":35,"column":26}}},"fnMap":{"0":{"name":"(anonymous_0)","decl":{"start":{"line":9,"column":46},"end":{"line":9,"column":47}},"loc":{"start":{"line":9,"column":79},"end":{"line":33,"column":1}}},"1":{"name":"(anonymous_1)","decl":{"start":{"line":16,"column":27},"end":{"line":16,"column":28}},"loc":{"start":{"line":16,"column":47},"end":{"line":19,"column":3}}},"2":{"name":"(anonymous_2)","decl":{"start":{"line":23,"column":50},"end":{"line":23,"column":53}},"loc":{"start":{"line":23,"column":56},"end":{"line":23,"column":89}}},"3":{"name":"(anonymous_3)","decl":{"start":{"line":27,"column":50},"end":{"line":27,"column":53}},"loc":{"start":{"line":27,"column":56},"end":{"line":27,"column":89}}}},"branchMap":{"0":{"loc":{"start":{"line":11,"column":22},"end":{"line":11,"column":59}},"type":"binary-expr","locations":[{"start":{"line":11,"column":22},"end":{"line":11,"column":54}},{"start":{"line":11,"column":58},"end":{"line":11,"column":59}}]},"1":{"loc":{"start":{"line":14,"column":2},"end":{"line":14,"column":35}},"type":"if","locations":[{"start":{"line":14,"column":2},"end":{"line":14,"column":35}}]},"2":{"loc":{"start":{"line":17,"column":4},"end":{"line":17,"column":52}},"type":"if","locations":[{"start":{"line":17,"column":4},"end":{"line":17,"column":52}}]},"3":{"loc":{"start":{"line":17,"column":8},"end":{"line":17,"column":43}},"type":"binary-expr","locations":[{"start":{"line":17,"column":8},"end":{"line":17,"column":19}},{"start":{"line":17,"column":23},"end":{"line":17,"column":43}}]}},"s":{"0":2,"1":2,"2":2,"3":2,"4":2,"5":2,"6":0,"7":2,"8":2,"9":0,"10":2,"11":2,"12":1,"13":1,"14":2},"f":{"0":2,"1":2,"2":1,"3":1},"b":{"0":[2,0],"1":[0],"2":[0],"3":[2,2]}}
,"/Users/y.nevinskaya/WebstormProjects/rsschool-react-app/src/components/PokemonDetails.tsx": {"path":"/Users/y.nevinskaya/WebstormProjects/rsschool-react-app/src/components/PokemonDetails.tsx","statementMap":{"0":{"start":{"line":1,"column":0},"end":{"line":1,"column":51}},"1":{"start":{"line":2,"column":0},"end":{"line":2,"column":51}},"2":{"start":{"line":3,"column":0},"end":{"line":3,"column":49}},"3":{"start":{"line":4,"column":0},"end":{"line":4,"column":36}},"4":{"start":{"line":15,"column":56},"end":{"line":54,"column":7}},"5":{"start":{"line":16,"column":42},"end":{"line":16,"column":59}},"6":{"start":{"line":17,"column":32},"end":{"line":17,"column":62}},"7":{"start":{"line":18,"column":32},"end":{"line":18,"column":56}},"8":{"start":{"line":19,"column":28},"end":{"line":19,"column":57}},"9":{"start":{"line":21,"column":2},"end":{"line":31,"column":18}},"10":{"start":{"line":22,"column":4},"end":{"line":22,"column":27}},"11":{"start":{"line":22,"column":20},"end":{"line":22,"column":27}},"12":{"start":{"line":24,"column":4},"end":{"line":24,"column":21}},"13":{"start":{"line":25,"column":4},"end":{"line":25,"column":19}},"14":{"start":{"line":27,"column":4},"end":{"line":30,"column":40}},"15":{"start":{"line":28,"column":22},"end":{"line":28,"column":38}},"16":{"start":{"line":29,"column":19},"end":{"line":29,"column":80}},"17":{"start":{"line":30,"column":21},"end":{"line":30,"column":38}},"18":{"start":{"line":33,"column":22},"end":{"line":36,"column":3}},"19":{"start":{"line":34,"column":4},"end":{"line":34,"column":35}},"20":{"start":{"line":35,"column":4},"end":{"line":35,"column":34}},"21":{"start":{"line":38,"column":2},"end":{"line":38,"column":34}},"22":{"start":{"line":38,"column":15},"end":{"line":38,"column":34}},"23":{"start":{"line":39,"column":2},"end":{"line":39,"column":61}},"24":{"start":{"line":39,"column":13},"end":{"line":39,"column":61}},"25":{"start":{"line":40,"column":2},"end":{"line":40,"column":51}},"26":{"start":{"line":40,"column":16},"end":{"line":40,"column":51}},"27":{"start":{"line":42,"column":2},"end":{"line":53,"column":8}},"28":{"start":{"line":56,"column":6},"end":{"line":56,"column":36}}},"fnMap":{"0":{"name":"(anonymous_1)","decl":{"start":{"line":15,"column":56},"end":{"line":15,"column":57}},"loc":{"start":{"line":15,"column":74},"end":{"line":54,"column":7}}},"1":{"name":"(anonymous_2)","decl":{"start":{"line":21,"column":12},"end":{"line":21,"column":15}},"loc":{"start":{"line":21,"column":17},"end":{"line":31,"column":3}}},"2":{"name":"(anonymous_3)","decl":{"start":{"line":28,"column":12},"end":{"line":28,"column":13}},"loc":{"start":{"line":28,"column":22},"end":{"line":28,"column":38}}},"3":{"name":"(anonymous_4)","decl":{"start":{"line":29,"column":13},"end":{"line":29,"column":16}},"loc":{"start":{"line":29,"column":19},"end":{"line":29,"column":80}}},"4":{"name":"(anonymous_5)","decl":{"start":{"line":30,"column":15},"end":{"line":30,"column":18}},"loc":{"start":{"line":30,"column":21},"end":{"line":30,"column":38}}},"5":{"name":"(anonymous_6)","decl":{"start":{"line":33,"column":22},"end":{"line":33,"column":25}},"loc":{"start":{"line":33,"column":27},"end":{"line":36,"column":3}}}},"branchMap":{"0":{"loc":{"start":{"line":22,"column":4},"end":{"line":22,"column":27}},"type":"if","locations":[{"start":{"line":22,"column":4},"end":{"line":22,"column":27}}]},"1":{"loc":{"start":{"line":38,"column":2},"end":{"line":38,"column":34}},"type":"if","locations":[{"start":{"line":38,"column":2},"end":{"line":38,"column":34}}]},"2":{"loc":{"start":{"line":39,"column":2},"end":{"line":39,"column":61}},"type":"if","locations":[{"start":{"line":39,"column":2},"end":{"line":39,"column":61}}]},"3":{"loc":{"start":{"line":40,"column":2},"end":{"line":40,"column":51}},"type":"if","locations":[{"start":{"line":40,"column":2},"end":{"line":40,"column":51}}]}},"s":{"0":1,"1":1,"2":1,"3":1,"4":1,"5":8,"6":8,"7":8,"8":8,"9":8,"10":3,"11":0,"12":3,"13":3,"14":3,"15":2,"16":0,"17":2,"18":8,"19":1,"20":1,"21":8,"22":3,"23":5,"24":0,"25":5,"26":3,"27":2,"28":1},"f":{"0":8,"1":3,"2":2,"3":0,"4":2,"5":1},"b":{"0":[0],"1":[3],"2":[0],"3":[3]}}
,"/Users/y.nevinskaya/WebstormProjects/rsschool-react-app/src/components/Search.tsx": {"path":"/Users/y.nevinskaya/WebstormProjects/rsschool-react-app/src/components/Search.tsx","statementMap":{"0":{"start":{"line":2,"column":0},"end":{"line":2,"column":51}},"1":{"start":{"line":8,"column":38},"end":{"line":35,"column":1}},"2":{"start":{"line":9,"column":38},"end":{"line":9,"column":53}},"3":{"start":{"line":11,"column":28},"end":{"line":13,"column":3}},"4":{"start":{"line":12,"column":4},"end":{"line":12,"column":38}},"5":{"start":{"line":15,"column":23},"end":{"line":19,"column":3}},"6":{"start":{"line":16,"column":24},"end":{"line":16,"column":41}},"7":{"start":{"line":17,"column":4},"end":{"line":17,"column":31}},"8":{"start":{"line":18,"column":4},"end":{"line":18,"column":26}},"9":{"start":{"line":21,"column":2},"end":{"line":34,"column":4}},"10":{"start":{"line":37,"column":0},"end":{"line":37,"column":22}}},"fnMap":{"0":{"name":"(anonymous_1)","decl":{"start":{"line":8,"column":38},"end":{"line":8,"column":39}},"loc":{"start":{"line":8,"column":55},"end":{"line":35,"column":1}}},"1":{"name":"(anonymous_2)","decl":{"start":{"line":11,"column":28},"end":{"line":11,"column":29}},"loc":{"start":{"line":11,"column":75},"end":{"line":13,"column":3}}},"2":{"name":"(anonymous_3)","decl":{"start":{"line":15,"column":23},"end":{"line":15,"column":26}},"loc":{"start":{"line":15,"column":28},"end":{"line":19,"column":3}}}},"branchMap":{},"s":{"0":1,"1":1,"2":4,"3":4,"4":1,"5":4,"6":1,"7":1,"8":1,"9":4,"10":1},"f":{"0":4,"1":1,"2":1},"b":{}}
,"/Users/y.nevinskaya/WebstormProjects/rsschool-react-app/src/components/Spinner.tsx": {"path":"/Users/y.nevinskaya/WebstormProjects/rsschool-react-app/src/components/Spinner.tsx","statementMap":{"0":{"start":{"line":1,"column":27},"end":{"line":3,"column":1}},"1":{"start":{"line":2,"column":4},"end":{"line":2,"column":65}},"2":{"start":{"line":5,"column":0},"end":{"line":5,"column":23}}},"fnMap":{"0":{"name":"(anonymous_0)","decl":{"start":{"line":1,"column":27},"end":{"line":1,"column":30}},"loc":{"start":{"line":1,"column":32},"end":{"line":3,"column":1}}}},"branchMap":{},"s":{"0":2,"1":12,"2":2},"f":{"0":12},"b":{}}
}
