{"/Users/y.nevinskaya/WebstormProjects/rsschool-react-app/src/App.tsx": {"path":"/Users/y.nevinskaya/WebstormProjects/rsschool-react-app/src/App.tsx","statementMap":{"0":{"start":{"line":1,"column":0},"end":{"line":1,"column":83}},"1":{"start":{"line":2,"column":0},"end":{"line":2,"column":53}},"2":{"start":{"line":3,"column":0},"end":{"line":3,"column":19}},"3":{"start":{"line":4,"column":0},"end":{"line":4,"column":59}},"4":{"start":{"line":5,"column":0},"end":{"line":5,"column":77}},"5":{"start":{"line":7,"column":22},"end":{"line":21,"column":1}},"6":{"start":{"line":8,"column":2},"end":{"line":20,"column":4}},"7":{"start":{"line":24,"column":0},"end":{"line":24,"column":19}}},"fnMap":{"0":{"name":"(anonymous_1)","decl":{"start":{"line":7,"column":22},"end":{"line":7,"column":25}},"loc":{"start":{"line":7,"column":27},"end":{"line":21,"column":1}}}},"branchMap":{},"s":{"0":0,"1":0,"2":0,"3":0,"4":0,"5":0,"6":0,"7":0},"f":{"0":0},"b":{}}
,"/Users/y.nevinskaya/WebstormProjects/rsschool-react-app/src/ThemeContext.tsx": {"path":"/Users/y.nevinskaya/WebstormProjects/rsschool-react-app/src/ThemeContext.tsx","statementMap":{"0":{"start":{"line":1,"column":0},"end":{"line":1,"column":78}},"1":{"start":{"line":10,"column":21},"end":{"line":10,"column":75}},"2":{"start":{"line":12,"column":70},"end":{"line":31,"column":1}},"3":{"start":{"line":13,"column":28},"end":{"line":15,"column":4}},"4":{"start":{"line":14,"column":4},"end":{"line":14,"column":63}},"5":{"start":{"line":17,"column":22},"end":{"line":19,"column":3}},"6":{"start":{"line":18,"column":4},"end":{"line":18,"column":72}},"7":{"start":{"line":18,"column":29},"end":{"line":18,"column":69}},"8":{"start":{"line":21,"column":2},"end":{"line":24,"column":14}},"9":{"start":{"line":22,"column":4},"end":{"line":22,"column":41}},"10":{"start":{"line":23,"column":4},"end":{"line":23,"column":47}},"11":{"start":{"line":26,"column":2},"end":{"line":30,"column":4}},"12":{"start":{"line":12,"column":13},"end":{"line":12,"column":70}},"13":{"start":{"line":33,"column":24},"end":{"line":39,"column":1}},"14":{"start":{"line":34,"column":18},"end":{"line":34,"column":42}},"15":{"start":{"line":35,"column":2},"end":{"line":37,"column":3}},"16":{"start":{"line":36,"column":4},"end":{"line":36,"column":68}},"17":{"start":{"line":38,"column":2},"end":{"line":38,"column":17}},"18":{"start":{"line":33,"column":13},"end":{"line":33,"column":24}}},"fnMap":{"0":{"name":"(anonymous_0)","decl":{"start":{"line":12,"column":70},"end":{"line":12,"column":71}},"loc":{"start":{"line":12,"column":87},"end":{"line":31,"column":1}}},"1":{"name":"(anonymous_1)","decl":{"start":{"line":13,"column":44},"end":{"line":13,"column":47}},"loc":{"start":{"line":13,"column":49},"end":{"line":15,"column":3}}},"2":{"name":"(anonymous_2)","decl":{"start":{"line":17,"column":22},"end":{"line":17,"column":25}},"loc":{"start":{"line":17,"column":27},"end":{"line":19,"column":3}}},"3":{"name":"(anonymous_3)","decl":{"start":{"line":18,"column":13},"end":{"line":18,"column":14}},"loc":{"start":{"line":18,"column":29},"end":{"line":18,"column":69}}},"4":{"name":"(anonymous_4)","decl":{"start":{"line":21,"column":12},"end":{"line":21,"column":15}},"loc":{"start":{"line":21,"column":17},"end":{"line":24,"column":3}}},"5":{"name":"(anonymous_5)","decl":{"start":{"line":33,"column":24},"end":{"line":33,"column":27}},"loc":{"start":{"line":33,"column":29},"end":{"line":39,"column":1}}}},"branchMap":{"0":{"loc":{"start":{"line":14,"column":12},"end":{"line":14,"column":62}},"type":"binary-expr","locations":[{"start":{"line":14,"column":12},"end":{"line":14,"column":51}},{"start":{"line":14,"column":55},"end":{"line":14,"column":62}}]},"1":{"loc":{"start":{"line":18,"column":29},"end":{"line":18,"column":69}},"type":"cond-expr","locations":[{"start":{"line":18,"column":53},"end":{"line":18,"column":59}},{"start":{"line":18,"column":62},"end":{"line":18,"column":69}}]},"2":{"loc":{"start":{"line":35,"column":2},"end":{"line":37,"column":3}},"type":"if","locations":[{"start":{"line":35,"column":2},"end":{"line":37,"column":3}}]}},"s":{"0":9,"1":9,"2":9,"3":39,"4":38,"5":39,"6":1,"7":1,"8":39,"9":39,"10":39,"11":39,"12":9,"13":9,"14":63,"15":63,"16":0,"17":63,"18":9},"f":{"0":39,"1":38,"2":1,"3":1,"4":39,"5":63},"b":{"0":[38,10],"1":[1,0],"2":[0]}}
,"/Users/y.nevinskaya/WebstormProjects/rsschool-react-app/src/main.tsx": {"path":"/Users/y.nevinskaya/WebstormProjects/rsschool-react-app/src/main.tsx","statementMap":{"0":{"start":{"line":1,"column":0},"end":{"line":1,"column":26}},"1":{"start":{"line":2,"column":0},"end":{"line":2,"column":46}},"2":{"start":{"line":3,"column":0},"end":{"line":3,"column":39}},"3":{"start":{"line":4,"column":0},"end":{"line":4,"column":38}},"4":{"start":{"line":5,"column":0},"end":{"line":5,"column":24}},"5":{"start":{"line":6,"column":0},"end":{"line":6,"column":74}},"6":{"start":{"line":7,"column":0},"end":{"line":7,"column":47}},"7":{"start":{"line":10,"column":0},"end":{"line":20,"column":2}}},"fnMap":{},"branchMap":{},"s":{"0":0,"1":0,"2":0,"3":0,"4":0,"5":0,"6":0,"7":0},"f":{},"b":{}}
,"/Users/y.nevinskaya/WebstormProjects/rsschool-react-app/src/components/404/NotFound.tsx": {"path":"/Users/y.nevinskaya/WebstormProjects/rsschool-react-app/src/components/404/NotFound.tsx","statementMap":{"0":{"start":{"line":2,"column":0},"end":{"line":2,"column":40}},"1":{"start":{"line":3,"column":0},"end":{"line":3,"column":50}},"2":{"start":{"line":4,"column":0},"end":{"line":4,"column":50}},"3":{"start":{"line":6,"column":27},"end":{"line":15,"column":1}},"4":{"start":{"line":7,"column":20},"end":{"line":7,"column":30}},"5":{"start":{"line":8,"column":2},"end":{"line":14,"column":null}},"6":{"start":{"line":17,"column":0},"end":{"line":17,"column":24}}},"fnMap":{"0":{"name":"(anonymous_1)","decl":{"start":{"line":6,"column":27},"end":{"line":6,"column":30}},"loc":{"start":{"line":6,"column":32},"end":{"line":15,"column":1}}}},"branchMap":{},"s":{"0":1,"1":1,"2":1,"3":1,"4":3,"5":3,"6":1},"f":{"0":3},"b":{}}
,"/Users/y.nevinskaya/WebstormProjects/rsschool-react-app/src/components/card/Card.tsx": {"path":"/Users/y.nevinskaya/WebstormProjects/rsschool-react-app/src/components/card/Card.tsx","statementMap":{"0":{"start":{"line":2,"column":0},"end":{"line":2,"column":50}},"1":{"start":{"line":3,"column":0},"end":{"line":3,"column":55}},"2":{"start":{"line":4,"column":0},"end":{"line":4,"column":68}},"3":{"start":{"line":17,"column":34},"end":{"line":41,"column":1}},"4":{"start":{"line":18,"column":20},"end":{"line":18,"column":30}},"5":{"start":{"line":19,"column":19},"end":{"line":19,"column":32}},"6":{"start":{"line":20,"column":21},"end":{"line":21,"column":null}},"7":{"start":{"line":21,"column":4},"end":{"line":21,"column":51}},"8":{"start":{"line":21,"column":39},"end":{"line":21,"column":50}},"9":{"start":{"line":24,"column":31},"end":{"line":26,"column":3}},"10":{"start":{"line":25,"column":4},"end":{"line":25,"column":74}},"11":{"start":{"line":28,"column":2},"end":{"line":40,"column":4}},"12":{"start":{"line":35,"column":24},"end":{"line":35,"column":43}},"13":{"start":{"line":44,"column":0},"end":{"line":44,"column":20}}},"fnMap":{"0":{"name":"(anonymous_0)","decl":{"start":{"line":17,"column":34},"end":{"line":17,"column":35}},"loc":{"start":{"line":17,"column":90},"end":{"line":41,"column":1}}},"1":{"name":"(anonymous_1)","decl":{"start":{"line":20,"column":33},"end":{"line":20,"column":34}},"loc":{"start":{"line":21,"column":4},"end":{"line":21,"column":51}}},"2":{"name":"(anonymous_2)","decl":{"start":{"line":21,"column":32},"end":{"line":21,"column":33}},"loc":{"start":{"line":21,"column":39},"end":{"line":21,"column":50}}},"3":{"name":"(anonymous_3)","decl":{"start":{"line":24,"column":31},"end":{"line":24,"column":34}},"loc":{"start":{"line":24,"column":36},"end":{"line":26,"column":3}}},"4":{"name":"(anonymous_4)","decl":{"start":{"line":35,"column":17},"end":{"line":35,"column":18}},"loc":{"start":{"line":35,"column":24},"end":{"line":35,"column":43}}}},"branchMap":{},"s":{"0":3,"1":3,"2":3,"3":3,"4":11,"5":11,"6":11,"7":23,"8":2,"9":11,"10":1,"11":11,"12":1,"13":3},"f":{"0":11,"1":23,"2":2,"3":1,"4":1},"b":{}}
,"/Users/y.nevinskaya/WebstormProjects/rsschool-react-app/src/components/card-list/CardList.tsx": {"path":"/Users/y.nevinskaya/WebstormProjects/rsschool-react-app/src/components/card-list/CardList.tsx","statementMap":{"0":{"start":{"line":2,"column":0},"end":{"line":2,"column":64}},"1":{"start":{"line":3,"column":0},"end":{"line":3,"column":62}},"2":{"start":{"line":4,"column":0},"end":{"line":4,"column":36}},"3":{"start":{"line":5,"column":0},"end":{"line":5,"column":45}},"4":{"start":{"line":6,"column":0},"end":{"line":6,"column":54}},"5":{"start":{"line":7,"column":0},"end":{"line":7,"column":50}},"6":{"start":{"line":9,"column":22},"end":{"line":9,"column":24}},"7":{"start":{"line":11,"column":51},"end":{"line":60,"column":1}},"8":{"start":{"line":12,"column":20},"end":{"line":12,"column":30}},"9":{"start":{"line":13,"column":25},"end":{"line":13,"column":42}},"10":{"start":{"line":14,"column":15},"end":{"line":14,"column":52}},"11":{"start":{"line":15,"column":17},"end":{"line":15,"column":43}},"12":{"start":{"line":16,"column":19},"end":{"line":16,"column":32}},"13":{"start":{"line":18,"column":49},"end":{"line":18,"column":114}},"14":{"start":{"line":20,"column":22},"end":{"line":22,"column":3}},"15":{"start":{"line":21,"column":4},"end":{"line":21,"column":43}},"16":{"start":{"line":24,"column":19},"end":{"line":24,"column":39}},"17":{"start":{"line":26,"column":2},"end":{"line":26,"column":36}},"18":{"start":{"line":26,"column":17},"end":{"line":26,"column":36}},"19":{"start":{"line":27,"column":2},"end":{"line":30,"column":3}},"20":{"start":{"line":28,"column":4},"end":{"line":28,"column":53}},"21":{"start":{"line":29,"column":4},"end":{"line":29,"column":86}},"22":{"start":{"line":32,"column":2},"end":{"line":59,"column":4}},"23":{"start":{"line":39,"column":12},"end":{"line":40,"column":null}},"24":{"start":{"line":47,"column":29},"end":{"line":47,"column":52}},"25":{"start":{"line":62,"column":0},"end":{"line":62,"column":24}}},"fnMap":{"0":{"name":"(anonymous_1)","decl":{"start":{"line":11,"column":51},"end":{"line":11,"column":52}},"loc":{"start":{"line":11,"column":70},"end":{"line":60,"column":1}}},"1":{"name":"(anonymous_2)","decl":{"start":{"line":20,"column":22},"end":{"line":20,"column":23}},"loc":{"start":{"line":20,"column":37},"end":{"line":22,"column":3}}},"2":{"name":"(anonymous_3)","decl":{"start":{"line":38,"column":23},"end":{"line":38,"column":24}},"loc":{"start":{"line":39,"column":12},"end":{"line":40,"column":null}}},"3":{"name":"(anonymous_4)","decl":{"start":{"line":47,"column":23},"end":{"line":47,"column":26}},"loc":{"start":{"line":47,"column":29},"end":{"line":47,"column":52}}}},"branchMap":{"0":{"loc":{"start":{"line":14,"column":15},"end":{"line":14,"column":52}},"type":"binary-expr","locations":[{"start":{"line":14,"column":15},"end":{"line":14,"column":47}},{"start":{"line":14,"column":51},"end":{"line":14,"column":52}}]},"1":{"loc":{"start":{"line":24,"column":19},"end":{"line":24,"column":39}},"type":"binary-expr","locations":[{"start":{"line":24,"column":19},"end":{"line":24,"column":33}},{"start":{"line":24,"column":37},"end":{"line":24,"column":39}}]},"2":{"loc":{"start":{"line":26,"column":2},"end":{"line":26,"column":36}},"type":"if","locations":[{"start":{"line":26,"column":2},"end":{"line":26,"column":36}}]},"3":{"loc":{"start":{"line":27,"column":2},"end":{"line":30,"column":3}},"type":"if","locations":[{"start":{"line":27,"column":2},"end":{"line":30,"column":3}}]},"4":{"loc":{"start":{"line":34,"column":7},"end":{"line":34,"column":32}},"type":"binary-expr","locations":[{"start":{"line":34,"column":7},"end":{"line":34,"column":17}},{"start":{"line":34,"column":21},"end":{"line":34,"column":32}}]},"5":{"loc":{"start":{"line":37,"column":9},"end":{"line":51,"column":null}},"type":"cond-expr","locations":[{"start":{"line":38,"column":10},"end":{"line":49,"column":12}},{"start":{"line":51,"column":10},"end":{"line":51,"column":101}}]},"6":{"loc":{"start":{"line":55,"column":7},"end":{"line":56,"column":null}},"type":"binary-expr","locations":[{"start":{"line":55,"column":7},"end":{"line":55,"column":23}},{"start":{"line":55,"column":27},"end":{"line":55,"column":58}},{"start":{"line":56,"column":8},"end":{"line":56,"column":80}}]}},"s":{"0":2,"1":2,"2":2,"3":2,"4":2,"5":2,"6":2,"7":2,"8":13,"9":13,"10":13,"11":13,"12":13,"13":13,"14":13,"15":1,"16":13,"17":13,"18":1,"19":12,"20":1,"21":1,"22":11,"23":7,"24":1,"25":2},"f":{"0":13,"1":1,"2":7,"3":1},"b":{"0":[13,4],"1":[13,2],"2":[1],"3":[1],"4":[11,1],"5":[4,7],"6":[11,4,0]}}
,"/Users/y.nevinskaya/WebstormProjects/rsschool-react-app/src/components/error-boundary/ErrorBoundary.tsx": {"path":"/Users/y.nevinskaya/WebstormProjects/rsschool-react-app/src/components/error-boundary/ErrorBoundary.tsx","statementMap":{"0":{"start":{"line":1,"column":0},"end":{"line":1,"column":52}},"1":{"start":{"line":2,"column":0},"end":{"line":2,"column":50}},"2":{"start":{"line":10,"column":4},"end":{"line":10,"column":17}},"3":{"start":{"line":22,"column":2},"end":{"line":24,"column":null}},"4":{"start":{"line":23,"column":4},"end":{"line":23,"column":39}},"5":{"start":{"line":11,"column":4},"end":{"line":11,"column":37}},"6":{"start":{"line":15,"column":4},"end":{"line":15,"column":30}},"7":{"start":{"line":19,"column":4},"end":{"line":19,"column":70}},"8":{"start":{"line":27,"column":4},"end":{"line":36,"column":5}},"9":{"start":{"line":28,"column":6},"end":{"line":35,"column":8}},"10":{"start":{"line":38,"column":4},"end":{"line":38,"column":31}},"11":{"start":{"line":42,"column":0},"end":{"line":42,"column":29}}},"fnMap":{"0":{"name":"(anonymous_1)","decl":{"start":{"line":9,"column":2},"end":{"line":9,"column":14}},"loc":{"start":{"line":9,"column":50},"end":{"line":12,"column":3}}},"1":{"name":"(anonymous_2)","decl":{"start":{"line":22,"column":16},"end":{"line":22,"column":19}},"loc":{"start":{"line":22,"column":21},"end":{"line":24,"column":3}}},"2":{"name":"(anonymous_3)","decl":{"start":{"line":14,"column":2},"end":{"line":14,"column":8}},"loc":{"start":{"line":14,"column":33},"end":{"line":16,"column":3}}},"3":{"name":"(anonymous_4)","decl":{"start":{"line":18,"column":2},"end":{"line":18,"column":19}},"loc":{"start":{"line":18,"column":54},"end":{"line":20,"column":3}}},"4":{"name":"(anonymous_5)","decl":{"start":{"line":26,"column":2},"end":{"line":26,"column":8}},"loc":{"start":{"line":26,"column":8},"end":{"line":39,"column":3}}}},"branchMap":{"0":{"loc":{"start":{"line":27,"column":4},"end":{"line":36,"column":5}},"type":"if","locations":[{"start":{"line":27,"column":4},"end":{"line":36,"column":5}}]}},"s":{"0":1,"1":1,"2":5,"3":4,"4":1,"5":4,"6":4,"7":2,"8":9,"9":4,"10":5,"11":1},"f":{"0":5,"1":1,"2":4,"3":2,"4":9},"b":{"0":[4]}}
,"/Users/y.nevinskaya/WebstormProjects/rsschool-react-app/src/components/flyout/Flyout.tsx": {"path":"/Users/y.nevinskaya/WebstormProjects/rsschool-react-app/src/components/flyout/Flyout.tsx","statementMap":{"0":{"start":{"line":2,"column":0},"end":{"line":2,"column":55}},"1":{"start":{"line":4,"column":0},"end":{"line":4,"column":68}},"2":{"start":{"line":5,"column":0},"end":{"line":5,"column":36}},"3":{"start":{"line":7,"column":25},"end":{"line":43,"column":1}},"4":{"start":{"line":8,"column":19},"end":{"line":8,"column":32}},"5":{"start":{"line":9,"column":27},"end":{"line":9,"column":84}},"6":{"start":{"line":9,"column":61},"end":{"line":9,"column":83}},"7":{"start":{"line":11,"column":2},"end":{"line":11,"column":49}},"8":{"start":{"line":11,"column":37},"end":{"line":11,"column":49}},"9":{"start":{"line":13,"column":28},"end":{"line":15,"column":3}},"10":{"start":{"line":14,"column":4},"end":{"line":14,"column":78}},"11":{"start":{"line":14,"column":42},"end":{"line":14,"column":76}},"12":{"start":{"line":17,"column":28},"end":{"line":34,"column":3}},"13":{"start":{"line":18,"column":4},"end":{"line":18,"column":46}},"14":{"start":{"line":18,"column":39},"end":{"line":18,"column":46}},"15":{"start":{"line":20,"column":20},"end":{"line":29,"column":6}},"16":{"start":{"line":22,"column":43},"end":{"line":28,"column":8}},"17":{"start":{"line":31,"column":23},"end":{"line":31,"column":65}},"18":{"start":{"line":31,"column":42},"end":{"line":31,"column":53}},"19":{"start":{"line":32,"column":17},"end":{"line":32,"column":76}},"20":{"start":{"line":33,"column":4},"end":{"line":33,"column":60}},"21":{"start":{"line":36,"column":2},"end":{"line":42,"column":4}},"22":{"start":{"line":45,"column":0},"end":{"line":45,"column":22}}},"fnMap":{"0":{"name":"(anonymous_0)","decl":{"start":{"line":7,"column":25},"end":{"line":7,"column":28}},"loc":{"start":{"line":7,"column":30},"end":{"line":43,"column":1}}},"1":{"name":"(anonymous_1)","decl":{"start":{"line":9,"column":39},"end":{"line":9,"column":40}},"loc":{"start":{"line":9,"column":61},"end":{"line":9,"column":83}}},"2":{"name":"(anonymous_2)","decl":{"start":{"line":13,"column":28},"end":{"line":13,"column":31}},"loc":{"start":{"line":13,"column":33},"end":{"line":15,"column":3}}},"3":{"name":"(anonymous_3)","decl":{"start":{"line":14,"column":29},"end":{"line":14,"column":30}},"loc":{"start":{"line":14,"column":42},"end":{"line":14,"column":76}}},"4":{"name":"(anonymous_4)","decl":{"start":{"line":17,"column":28},"end":{"line":17,"column":31}},"loc":{"start":{"line":17,"column":33},"end":{"line":34,"column":3}}},"5":{"name":"(anonymous_5)","decl":{"start":{"line":22,"column":30},"end":{"line":22,"column":31}},"loc":{"start":{"line":22,"column":43},"end":{"line":28,"column":8}}},"6":{"name":"(anonymous_6)","decl":{"start":{"line":31,"column":35},"end":{"line":31,"column":36}},"loc":{"start":{"line":31,"column":42},"end":{"line":31,"column":53}}}},"branchMap":{"0":{"loc":{"start":{"line":11,"column":2},"end":{"line":11,"column":49}},"type":"if","locations":[{"start":{"line":11,"column":2},"end":{"line":11,"column":49}}]},"1":{"loc":{"start":{"line":18,"column":4},"end":{"line":18,"column":46}},"type":"if","locations":[{"start":{"line":18,"column":4},"end":{"line":18,"column":46}}]}},"s":{"0":2,"1":2,"2":2,"3":2,"4":10,"5":10,"6":21,"7":10,"8":7,"9":3,"10":1,"11":2,"12":3,"13":1,"14":0,"15":1,"16":2,"17":1,"18":3,"19":1,"20":1,"21":3,"22":2},"f":{"0":10,"1":21,"2":1,"3":2,"4":1,"5":2,"6":3},"b":{"0":[7],"1":[0]}}
,"/Users/y.nevinskaya/WebstormProjects/rsschool-react-app/src/components/main-page/MainPage.tsx": {"path":"/Users/y.nevinskaya/WebstormProjects/rsschool-react-app/src/components/main-page/MainPage.tsx","statementMap":{"0":{"start":{"line":1,"column":0},"end":{"line":1,"column":40}},"1":{"start":{"line":2,"column":0},"end":{"line":2,"column":83}},"2":{"start":{"line":3,"column":0},"end":{"line":3,"column":42}},"3":{"start":{"line":4,"column":0},"end":{"line":4,"column":49}},"4":{"start":{"line":5,"column":0},"end":{"line":5,"column":58}},"5":{"start":{"line":6,"column":0},"end":{"line":6,"column":23}},"6":{"start":{"line":7,"column":0},"end":{"line":7,"column":46}},"7":{"start":{"line":8,"column":0},"end":{"line":8,"column":42}},"8":{"start":{"line":10,"column":27},"end":{"line":50,"column":1}},"9":{"start":{"line":11,"column":33},"end":{"line":11,"column":43}},"10":{"start":{"line":12,"column":38},"end":{"line":12,"column":53}},"11":{"start":{"line":13,"column":25},"end":{"line":13,"column":42}},"12":{"start":{"line":14,"column":19},"end":{"line":14,"column":32}},"13":{"start":{"line":15,"column":17},"end":{"line":15,"column":45}},"14":{"start":{"line":16,"column":15},"end":{"line":16,"column":46}},"15":{"start":{"line":17,"column":21},"end":{"line":17,"column":45}},"16":{"start":{"line":19,"column":29},"end":{"line":23,"column":3}},"17":{"start":{"line":20,"column":4},"end":{"line":22,"column":5}},"18":{"start":{"line":21,"column":6},"end":{"line":21,"column":39}},"19":{"start":{"line":25,"column":2},"end":{"line":27,"column":3}},"20":{"start":{"line":26,"column":4},"end":{"line":26,"column":34}},"21":{"start":{"line":29,"column":2},"end":{"line":49,"column":4}},"22":{"start":{"line":42,"column":67},"end":{"line":42,"column":86}},"23":{"start":{"line":52,"column":0},"end":{"line":52,"column":24}}},"fnMap":{"0":{"name":"(anonymous_1)","decl":{"start":{"line":10,"column":27},"end":{"line":10,"column":30}},"loc":{"start":{"line":10,"column":32},"end":{"line":50,"column":1}}},"1":{"name":"(anonymous_2)","decl":{"start":{"line":19,"column":29},"end":{"line":19,"column":32}},"loc":{"start":{"line":19,"column":34},"end":{"line":23,"column":3}}},"2":{"name":"(anonymous_3)","decl":{"start":{"line":42,"column":60},"end":{"line":42,"column":61}},"loc":{"start":{"line":42,"column":67},"end":{"line":42,"column":86}}}},"branchMap":{"0":{"loc":{"start":{"line":16,"column":15},"end":{"line":16,"column":46}},"type":"binary-expr","locations":[{"start":{"line":16,"column":15},"end":{"line":16,"column":39}},{"start":{"line":16,"column":43},"end":{"line":16,"column":46}}]},"1":{"loc":{"start":{"line":20,"column":4},"end":{"line":22,"column":5}},"type":"if","locations":[{"start":{"line":20,"column":4},"end":{"line":22,"column":5}}]},"2":{"loc":{"start":{"line":25,"column":2},"end":{"line":27,"column":3}},"type":"if","locations":[{"start":{"line":25,"column":2},"end":{"line":27,"column":3}}]},"3":{"loc":{"start":{"line":41,"column":9},"end":{"line":44,"column":null}},"type":"binary-expr","locations":[{"start":{"line":41,"column":9},"end":{"line":41,"column":11}},{"start":{"line":42,"column":10},"end":{"line":43,"column":null}}]}},"s":{"0":1,"1":1,"2":1,"3":1,"4":1,"5":1,"6":1,"7":1,"8":1,"9":5,"10":5,"11":5,"12":5,"13":5,"14":5,"15":5,"16":5,"17":2,"18":1,"19":5,"20":0,"21":5,"22":0,"23":1},"f":{"0":5,"1":2,"2":0},"b":{"0":[5,4],"1":[1],"2":[0],"3":[5,2]}}
,"/Users/y.nevinskaya/WebstormProjects/rsschool-react-app/src/components/pagination/Pagination.tsx": {"path":"/Users/y.nevinskaya/WebstormProjects/rsschool-react-app/src/components/pagination/Pagination.tsx","statementMap":{"0":{"start":{"line":1,"column":0},"end":{"line":1,"column":41}},"1":{"start":{"line":2,"column":0},"end":{"line":2,"column":51}},"2":{"start":{"line":3,"column":0},"end":{"line":3,"column":50}},"3":{"start":{"line":10,"column":46},"end":{"line":43,"column":1}},"4":{"start":{"line":11,"column":20},"end":{"line":11,"column":30}},"5":{"start":{"line":12,"column":42},"end":{"line":12,"column":59}},"6":{"start":{"line":13,"column":22},"end":{"line":13,"column":59}},"7":{"start":{"line":14,"column":21},"end":{"line":14,"column":57}},"8":{"start":{"line":16,"column":2},"end":{"line":20,"column":49}},"9":{"start":{"line":17,"column":4},"end":{"line":19,"column":5}},"10":{"start":{"line":18,"column":6},"end":{"line":18,"column":55}},"11":{"start":{"line":22,"column":2},"end":{"line":22,"column":44}},"12":{"start":{"line":22,"column":32},"end":{"line":22,"column":44}},"13":{"start":{"line":24,"column":2},"end":{"line":24,"column":35}},"14":{"start":{"line":24,"column":23},"end":{"line":24,"column":35}},"15":{"start":{"line":26,"column":27},"end":{"line":29,"column":3}},"16":{"start":{"line":27,"column":4},"end":{"line":27,"column":52}},"17":{"start":{"line":27,"column":45},"end":{"line":27,"column":52}},"18":{"start":{"line":28,"column":4},"end":{"line":28,"column":50}},"19":{"start":{"line":31,"column":2},"end":{"line":42,"column":4}},"20":{"start":{"line":33,"column":67},"end":{"line":33,"column":100}},"21":{"start":{"line":37,"column":67},"end":{"line":37,"column":100}},"22":{"start":{"line":45,"column":0},"end":{"line":45,"column":26}}},"fnMap":{"0":{"name":"(anonymous_0)","decl":{"start":{"line":10,"column":46},"end":{"line":10,"column":47}},"loc":{"start":{"line":10,"column":79},"end":{"line":43,"column":1}}},"1":{"name":"(anonymous_1)","decl":{"start":{"line":16,"column":12},"end":{"line":16,"column":15}},"loc":{"start":{"line":16,"column":17},"end":{"line":20,"column":3}}},"2":{"name":"(anonymous_2)","decl":{"start":{"line":26,"column":27},"end":{"line":26,"column":28}},"loc":{"start":{"line":26,"column":47},"end":{"line":29,"column":3}}},"3":{"name":"(anonymous_3)","decl":{"start":{"line":33,"column":61},"end":{"line":33,"column":64}},"loc":{"start":{"line":33,"column":67},"end":{"line":33,"column":100}}},"4":{"name":"(anonymous_4)","decl":{"start":{"line":37,"column":61},"end":{"line":37,"column":64}},"loc":{"start":{"line":37,"column":67},"end":{"line":37,"column":100}}}},"branchMap":{"0":{"loc":{"start":{"line":13,"column":22},"end":{"line":13,"column":59}},"type":"binary-expr","locations":[{"start":{"line":13,"column":22},"end":{"line":13,"column":54}},{"start":{"line":13,"column":58},"end":{"line":13,"column":59}}]},"1":{"loc":{"start":{"line":17,"column":4},"end":{"line":19,"column":5}},"type":"if","locations":[{"start":{"line":17,"column":4},"end":{"line":19,"column":5}}]},"2":{"loc":{"start":{"line":22,"column":2},"end":{"line":22,"column":44}},"type":"if","locations":[{"start":{"line":22,"column":2},"end":{"line":22,"column":44}}]},"3":{"loc":{"start":{"line":24,"column":2},"end":{"line":24,"column":35}},"type":"if","locations":[{"start":{"line":24,"column":2},"end":{"line":24,"column":35}}]},"4":{"loc":{"start":{"line":27,"column":4},"end":{"line":27,"column":52}},"type":"if","locations":[{"start":{"line":27,"column":4},"end":{"line":27,"column":52}}]},"5":{"loc":{"start":{"line":27,"column":8},"end":{"line":27,"column":43}},"type":"binary-expr","locations":[{"start":{"line":27,"column":8},"end":{"line":27,"column":19}},{"start":{"line":27,"column":23},"end":{"line":27,"column":43}}]}},"s":{"0":4,"1":4,"2":4,"3":4,"4":13,"5":13,"6":13,"7":13,"8":13,"9":12,"10":3,"11":13,"12":4,"13":9,"14":1,"15":8,"16":4,"17":0,"18":4,"19":8,"20":2,"21":2,"22":4},"f":{"0":13,"1":12,"2":4,"3":2,"4":2},"b":{"0":[13,3],"1":[3],"2":[4],"3":[1],"4":[0],"5":[4,4]}}
,"/Users/y.nevinskaya/WebstormProjects/rsschool-react-app/src/components/pokemon-details/PokemonDetails.tsx": {"path":"/Users/y.nevinskaya/WebstormProjects/rsschool-react-app/src/components/pokemon-details/PokemonDetails.tsx","statementMap":{"0":{"start":{"line":2,"column":0},"end":{"line":2,"column":58}},"1":{"start":{"line":3,"column":0},"end":{"line":3,"column":62}},"2":{"start":{"line":4,"column":0},"end":{"line":4,"column":50}},"3":{"start":{"line":5,"column":0},"end":{"line":5,"column":45}},"4":{"start":{"line":7,"column":33},"end":{"line":38,"column":1}},"5":{"start":{"line":8,"column":20},"end":{"line":8,"column":30}},"6":{"start":{"line":9,"column":19},"end":{"line":9,"column":32}},"7":{"start":{"line":10,"column":17},"end":{"line":10,"column":44}},"8":{"start":{"line":12,"column":37},"end":{"line":12,"column":76}},"9":{"start":{"line":14,"column":22},"end":{"line":18,"column":3}},"10":{"start":{"line":15,"column":26},"end":{"line":15,"column":69}},"11":{"start":{"line":16,"column":17},"end":{"line":16,"column":49}},"12":{"start":{"line":17,"column":4},"end":{"line":17,"column":37}},"13":{"start":{"line":20,"column":2},"end":{"line":20,"column":36}},"14":{"start":{"line":20,"column":17},"end":{"line":20,"column":36}},"15":{"start":{"line":21,"column":2},"end":{"line":21,"column":58}},"16":{"start":{"line":21,"column":13},"end":{"line":21,"column":58}},"17":{"start":{"line":22,"column":2},"end":{"line":22,"column":65}},"18":{"start":{"line":22,"column":30},"end":{"line":22,"column":65}},"19":{"start":{"line":24,"column":18},"end":{"line":24,"column":34}},"20":{"start":{"line":26,"column":2},"end":{"line":37,"column":4}},"21":{"start":{"line":40,"column":0},"end":{"line":40,"column":30}}},"fnMap":{"0":{"name":"(anonymous_1)","decl":{"start":{"line":7,"column":33},"end":{"line":7,"column":36}},"loc":{"start":{"line":7,"column":38},"end":{"line":38,"column":1}}},"1":{"name":"(anonymous_2)","decl":{"start":{"line":14,"column":22},"end":{"line":14,"column":25}},"loc":{"start":{"line":14,"column":27},"end":{"line":18,"column":3}}}},"branchMap":{"0":{"loc":{"start":{"line":16,"column":17},"end":{"line":16,"column":49}},"type":"binary-expr","locations":[{"start":{"line":16,"column":17},"end":{"line":16,"column":42}},{"start":{"line":16,"column":46},"end":{"line":16,"column":49}}]},"1":{"loc":{"start":{"line":20,"column":2},"end":{"line":20,"column":36}},"type":"if","locations":[{"start":{"line":20,"column":2},"end":{"line":20,"column":36}}]},"2":{"loc":{"start":{"line":21,"column":2},"end":{"line":21,"column":58}},"type":"if","locations":[{"start":{"line":21,"column":2},"end":{"line":21,"column":58}}]},"3":{"loc":{"start":{"line":22,"column":2},"end":{"line":22,"column":65}},"type":"if","locations":[{"start":{"line":22,"column":2},"end":{"line":22,"column":65}}]}},"s":{"0":1,"1":1,"2":1,"3":1,"4":1,"5":5,"6":5,"7":5,"8":5,"9":5,"10":1,"11":1,"12":1,"13":5,"14":1,"15":4,"16":1,"17":3,"18":1,"19":2,"20":2,"21":1},"f":{"0":5,"1":1},"b":{"0":[1,1],"1":[1],"2":[1],"3":[1]}}
,"/Users/y.nevinskaya/WebstormProjects/rsschool-react-app/src/components/search/Search.tsx": {"path":"/Users/y.nevinskaya/WebstormProjects/rsschool-react-app/src/components/search/Search.tsx","statementMap":{"0":{"start":{"line":2,"column":0},"end":{"line":2,"column":58}},"1":{"start":{"line":3,"column":0},"end":{"line":3,"column":50}},"2":{"start":{"line":9,"column":38},"end":{"line":37,"column":1}},"3":{"start":{"line":10,"column":20},"end":{"line":10,"column":30}},"4":{"start":{"line":11,"column":38},"end":{"line":11,"column":53}},"5":{"start":{"line":13,"column":28},"end":{"line":15,"column":3}},"6":{"start":{"line":14,"column":4},"end":{"line":14,"column":38}},"7":{"start":{"line":17,"column":23},"end":{"line":21,"column":3}},"8":{"start":{"line":18,"column":24},"end":{"line":18,"column":41}},"9":{"start":{"line":19,"column":4},"end":{"line":19,"column":31}},"10":{"start":{"line":20,"column":4},"end":{"line":20,"column":26}},"11":{"start":{"line":23,"column":2},"end":{"line":36,"column":4}},"12":{"start":{"line":39,"column":0},"end":{"line":39,"column":22}}},"fnMap":{"0":{"name":"(anonymous_1)","decl":{"start":{"line":9,"column":38},"end":{"line":9,"column":39}},"loc":{"start":{"line":9,"column":55},"end":{"line":37,"column":1}}},"1":{"name":"(anonymous_2)","decl":{"start":{"line":13,"column":28},"end":{"line":13,"column":29}},"loc":{"start":{"line":13,"column":75},"end":{"line":15,"column":3}}},"2":{"name":"(anonymous_3)","decl":{"start":{"line":17,"column":23},"end":{"line":17,"column":26}},"loc":{"start":{"line":17,"column":28},"end":{"line":21,"column":3}}}},"branchMap":{},"s":{"0":2,"1":2,"2":2,"3":9,"4":9,"5":9,"6":1,"7":9,"8":1,"9":1,"10":1,"11":9,"12":2},"f":{"0":9,"1":1,"2":1},"b":{}}
,"/Users/y.nevinskaya/WebstormProjects/rsschool-react-app/src/components/spinner/Spinner.tsx": {"path":"/Users/y.nevinskaya/WebstormProjects/rsschool-react-app/src/components/spinner/Spinner.tsx","statementMap":{"0":{"start":{"line":1,"column":0},"end":{"line":1,"column":50}},"1":{"start":{"line":3,"column":27},"end":{"line":6,"column":1}},"2":{"start":{"line":4,"column":22},"end":{"line":4,"column":32}},"3":{"start":{"line":5,"column":4},"end":{"line":5,"column":76}},"4":{"start":{"line":8,"column":0},"end":{"line":8,"column":23}}},"fnMap":{"0":{"name":"(anonymous_0)","decl":{"start":{"line":3,"column":27},"end":{"line":3,"column":30}},"loc":{"start":{"line":3,"column":32},"end":{"line":6,"column":1}}}},"branchMap":{},"s":{"0":4,"1":4,"2":4,"3":4,"4":4},"f":{"0":4},"b":{}}
,"/Users/y.nevinskaya/WebstormProjects/rsschool-react-app/src/hooks/useSearchTerm.tsx": {"path":"/Users/y.nevinskaya/WebstormProjects/rsschool-react-app/src/hooks/useSearchTerm.tsx","statementMap":{"0":{"start":{"line":1,"column":0},"end":{"line":1,"column":44}},"1":{"start":{"line":3,"column":22},"end":{"line":13,"column":1}},"2":{"start":{"line":4,"column":38},"end":{"line":5,"column":null}},"3":{"start":{"line":8,"column":2},"end":{"line":10,"column":19}},"4":{"start":{"line":9,"column":4},"end":{"line":9,"column":51}},"5":{"start":{"line":12,"column":2},"end":{"line":12,"column":37}},"6":{"start":{"line":15,"column":0},"end":{"line":15,"column":29}}},"fnMap":{"0":{"name":"(anonymous_0)","decl":{"start":{"line":3,"column":22},"end":{"line":3,"column":59}},"loc":{"start":{"line":3,"column":61},"end":{"line":13,"column":1}}},"1":{"name":"(anonymous_1)","decl":{"start":{"line":8,"column":12},"end":{"line":8,"column":15}},"loc":{"start":{"line":8,"column":17},"end":{"line":10,"column":3}}}},"branchMap":{"0":{"loc":{"start":{"line":5,"column":4},"end":{"line":5,"column":44}},"type":"binary-expr","locations":[{"start":{"line":5,"column":4},"end":{"line":5,"column":38}},{"start":{"line":5,"column":42},"end":{"line":5,"column":44}}]}},"s":{"0":2,"1":2,"2":8,"3":8,"4":7,"5":8,"6":2},"f":{"0":8,"1":7},"b":{"0":[8,3]}}
}
