TN:
SF:src/main.tsx
FNF:0
FNH:0
DA:1,0
DA:2,0
DA:3,0
DA:4,0
DA:6,0
LF:5
LH:0
BRF:0
BRH:0
end_of_record
TN:
SF:src/components/Card.tsx
FN:8,(anonymous_0)
FNF:1
FNH:1
FNDA:7,(anonymous_0)
DA:8,2
DA:9,7
DA:18,2
LF:3
LH:3
BRF:0
BRH:0
end_of_record
TN:
SF:src/components/CardList.tsx
FN:18,(anonymous_1)
FN:29,(anonymous_2)
FN:34,(anonymous_3)
FN:38,(anonymous_4)
FN:58,(anonymous_5)
FN:63,(anonymous_6)
FN:76,(anonymous_7)
FN:82,(anonymous_8)
FNF:8
FNH:8
FNDA:26,(anonymous_1)
FNDA:9,(anonymous_2)
FNDA:4,(anonymous_3)
FNDA:4,(anonymous_4)
FNDA:8,(anonymous_5)
FNDA:1,(anonymous_6)
FNDA:6,(anonymous_7)
FNDA:1,(anonymous_8)
DA:1,1
DA:2,1
DA:3,1
DA:4,1
DA:5,1
DA:6,1
DA:18,1
DA:19,26
DA:20,26
DA:21,26
DA:22,26
DA:24,26
DA:25,26
DA:26,26
DA:27,26
DA:29,26
DA:30,9
DA:31,9
DA:33,9
DA:35,4
DA:36,4
DA:39,4
DA:41,4
DA:43,4
DA:44,4
DA:45,1
DA:46,3
DA:47,1
DA:48,2
DA:49,1
DA:51,1
DA:55,4
DA:56,4
DA:59,8
DA:63,26
DA:64,1
DA:65,1
DA:68,26
DA:69,17
DA:71,13
DA:77,6
DA:82,1
DA:97,1
LF:43
LH:43
BRDA:25,0,0,26
BRDA:25,0,1,0
BRDA:43,1,0,4
BRDA:44,2,0,1
BRDA:44,2,1,3
BRDA:46,3,0,1
BRDA:46,3,1,2
BRDA:48,4,0,1
BRDA:48,4,1,1
BRDA:68,5,0,9
BRDA:69,6,0,4
BRDA:75,7,0,3
BRDA:75,7,1,10
BRDA:90,8,0,13
BRDA:90,8,1,0
BRF:15
BRH:13
end_of_record
TN:
SF:src/components/ErrorBoundary.tsx
FN:9,(anonymous_1)
FN:22,(anonymous_2)
FN:14,(anonymous_3)
FN:18,(anonymous_4)
FN:26,(anonymous_5)
FNF:5
FNH:4
FNDA:4,(anonymous_1)
FNDA:0,(anonymous_2)
FNDA:2,(anonymous_3)
FNDA:1,(anonymous_4)
FNDA:5,(anonymous_5)
DA:1,1
DA:2,1
DA:10,4
DA:11,3
DA:15,2
DA:19,1
DA:22,3
DA:23,0
DA:27,5
DA:28,2
DA:38,3
DA:42,1
LF:12
LH:11
BRDA:27,0,0,2
BRF:1
BRH:1
end_of_record
TN:
SF:src/components/NotFound.tsx
FN:5,(anonymous_1)
FNF:1
FNH:0
FNDA:0,(anonymous_1)
DA:2,0
DA:3,0
DA:5,0
DA:6,0
DA:15,0
LF:5
LH:0
BRF:0
BRH:0
end_of_record
TN:
SF:src/components/Pagination.tsx
FN:9,(anonymous_0)
FN:16,(anonymous_1)
FN:23,(anonymous_2)
FN:27,(anonymous_3)
FNF:4
FNH:4
FNDA:2,(anonymous_0)
FNDA:2,(anonymous_1)
FNDA:1,(anonymous_2)
FNDA:1,(anonymous_3)
DA:2,2
DA:9,2
DA:10,2
DA:11,2
DA:12,2
DA:14,2
DA:16,2
DA:17,2
DA:18,2
DA:21,2
DA:23,1
DA:27,1
DA:35,2
LF:13
LH:13
BRDA:11,0,0,2
BRDA:11,0,1,0
BRDA:14,1,0,0
BRDA:17,2,0,0
BRDA:17,3,0,2
BRDA:17,3,1,2
BRF:6
BRH:3
end_of_record
TN:
SF:src/components/PokemonDetails.tsx
FN:15,(anonymous_1)
FN:21,(anonymous_2)
FN:28,(anonymous_3)
FN:29,(anonymous_4)
FN:30,(anonymous_5)
FN:33,(anonymous_6)
FNF:6
FNH:5
FNDA:8,(anonymous_1)
FNDA:3,(anonymous_2)
FNDA:2,(anonymous_3)
FNDA:0,(anonymous_4)
FNDA:2,(anonymous_5)
FNDA:1,(anonymous_6)
DA:1,1
DA:2,1
DA:3,1
DA:4,1
DA:15,1
DA:16,8
DA:17,8
DA:18,8
DA:19,8
DA:21,8
DA:22,3
DA:24,3
DA:25,3
DA:27,3
DA:28,2
DA:29,0
DA:30,2
DA:33,8
DA:34,1
DA:35,1
DA:38,8
DA:39,5
DA:40,5
DA:42,2
DA:56,1
LF:25
LH:24
BRDA:22,0,0,0
BRDA:38,1,0,3
BRDA:39,2,0,0
BRDA:40,3,0,3
BRF:4
BRH:2
end_of_record
TN:
SF:src/components/Search.tsx
FN:8,(anonymous_1)
FN:11,(anonymous_2)
FN:15,(anonymous_3)
FNF:3
FNH:3
FNDA:4,(anonymous_1)
FNDA:1,(anonymous_2)
FNDA:1,(anonymous_3)
DA:2,1
DA:8,1
DA:9,4
DA:11,4
DA:12,1
DA:15,4
DA:16,1
DA:17,1
DA:18,1
DA:21,4
DA:37,1
LF:11
LH:11
BRF:0
BRH:0
end_of_record
TN:
SF:src/components/Spinner.tsx
FN:1,(anonymous_0)
FNF:1
FNH:1
FNDA:12,(anonymous_0)
DA:1,2
DA:2,12
DA:5,2
LF:3
LH:3
BRF:0
BRH:0
end_of_record
