TN:
SF:src/App.tsx
FN:7,(anonymous_1)
FNF:1
FNH:0
FNDA:0,(anonymous_1)
DA:1,0
DA:2,0
DA:3,0
DA:4,0
DA:5,0
DA:7,0
DA:8,0
DA:24,0
LF:8
LH:0
BRF:0
BRH:0
end_of_record
TN:
SF:src/main.tsx
FNF:0
FNH:0
DA:1,0
DA:2,0
DA:3,0
DA:4,0
DA:6,0
LF:5
LH:0
BRF:0
BRH:0
end_of_record
TN:
SF:src/components/404/NotFound.tsx
FN:5,(anonymous_1)
FNF:1
FNH:1
FNDA:3,(anonymous_1)
DA:2,1
DA:3,1
DA:5,1
DA:6,3
DA:15,1
LF:5
LH:5
BRF:0
BRH:0
end_of_record
TN:
SF:src/components/card/Card.tsx
FN:10,(anonymous_0)
FNF:1
FNH:1
FNDA:8,(anonymous_0)
DA:10,3
DA:11,8
DA:20,3
LF:3
LH:3
BRF:0
BRH:0
end_of_record
TN:
SF:src/components/card-list/CardList.tsx
FN:14,(anonymous_1)
FN:26,(anonymous_2)
FN:31,(anonymous_3)
FN:35,(anonymous_4)
FN:55,(anonymous_5)
FN:60,(anonymous_6)
FN:71,(anonymous_7)
FN:77,(anonymous_8)
FNF:8
FNH:8
FNDA:35,(anonymous_1)
FNDA:12,(anonymous_2)
FNDA:7,(anonymous_3)
FNDA:4,(anonymous_4)
FNDA:11,(anonymous_5)
FNDA:1,(anonymous_6)
FNDA:6,(anonymous_7)
FNDA:1,(anonymous_8)
DA:1,2
DA:2,2
DA:3,2
DA:4,2
DA:5,2
DA:6,2
DA:14,2
DA:15,35
DA:16,35
DA:17,35
DA:18,35
DA:20,35
DA:21,35
DA:22,35
DA:23,35
DA:24,35
DA:26,35
DA:27,12
DA:28,12
DA:30,12
DA:32,7
DA:33,7
DA:36,4
DA:38,4
DA:40,4
DA:41,4
DA:42,1
DA:43,3
DA:44,1
DA:45,2
DA:46,1
DA:48,1
DA:52,4
DA:53,4
DA:56,11
DA:60,35
DA:61,1
DA:64,35
DA:65,23
DA:67,19
DA:72,6
DA:77,1
DA:90,2
LF:43
LH:43
BRDA:21,0,0,35
BRDA:21,0,1,6
BRDA:40,1,0,4
BRDA:41,2,0,1
BRDA:41,2,1,3
BRDA:43,3,0,1
BRDA:43,3,1,2
BRDA:45,4,0,1
BRDA:45,4,1,1
BRDA:64,5,0,12
BRDA:65,6,0,4
BRDA:70,7,0,3
BRDA:70,7,1,16
BRDA:85,8,0,19
BRDA:85,8,1,0
BRF:15
BRH:14
end_of_record
TN:
SF:src/components/error-boundary/ErrorBoundary.tsx
FN:9,(anonymous_1)
FN:22,(anonymous_2)
FN:14,(anonymous_3)
FN:18,(anonymous_4)
FN:26,(anonymous_5)
FNF:5
FNH:5
FNDA:5,(anonymous_1)
FNDA:1,(anonymous_2)
FNDA:4,(anonymous_3)
FNDA:2,(anonymous_4)
FNDA:9,(anonymous_5)
DA:1,1
DA:2,1
DA:10,5
DA:11,4
DA:15,4
DA:19,2
DA:22,4
DA:23,1
DA:27,9
DA:28,4
DA:38,5
DA:42,1
LF:12
LH:12
BRDA:27,0,0,4
BRF:1
BRH:1
end_of_record
TN:
SF:src/components/main-page/MainPage.tsx
FN:8,(anonymous_1)
FN:16,(anonymous_2)
FN:22,(anonymous_3)
FN:40,(anonymous_4)
FNF:4
FNH:2
FNDA:3,(anonymous_1)
FNDA:1,(anonymous_2)
FNDA:0,(anonymous_3)
FNDA:0,(anonymous_4)
DA:1,1
DA:2,1
DA:3,1
DA:4,1
DA:5,1
DA:6,1
DA:8,1
DA:9,3
DA:10,3
DA:11,3
DA:12,3
DA:13,3
DA:14,3
DA:16,3
DA:17,1
DA:18,1
DA:22,3
DA:23,0
DA:26,3
DA:27,0
DA:30,3
DA:40,0
DA:53,1
LF:23
LH:20
BRDA:13,0,0,3
BRDA:13,0,1,2
BRDA:17,1,0,1
BRDA:26,2,0,0
BRDA:39,3,0,3
BRDA:39,3,1,2
BRF:6
BRH:5
end_of_record
TN:
SF:src/components/pagination/Pagination.tsx
FN:9,(anonymous_0)
FN:14,(anonymous_1)
FN:24,(anonymous_2)
FN:31,(anonymous_3)
FN:35,(anonymous_4)
FNF:5
FNH:5
FNDA:13,(anonymous_0)
FNDA:12,(anonymous_1)
FNDA:4,(anonymous_2)
FNDA:2,(anonymous_3)
FNDA:2,(anonymous_4)
DA:1,4
DA:2,4
DA:9,4
DA:10,13
DA:11,13
DA:12,13
DA:14,13
DA:15,12
DA:16,3
DA:20,13
DA:22,9
DA:24,8
DA:25,4
DA:26,4
DA:29,8
DA:31,2
DA:35,2
DA:43,4
LF:18
LH:18
BRDA:11,0,0,13
BRDA:11,0,1,3
BRDA:15,1,0,3
BRDA:20,2,0,4
BRDA:22,3,0,1
BRDA:25,4,0,0
BRDA:25,5,0,4
BRDA:25,5,1,4
BRF:8
BRH:7
end_of_record
TN:
SF:src/components/pokemon-details/PokemonDetails.tsx
FN:15,(anonymous_1)
FN:23,(anonymous_2)
FN:30,(anonymous_3)
FN:31,(anonymous_4)
FN:32,(anonymous_5)
FN:35,(anonymous_6)
FNF:6
FNH:6
FNDA:12,(anonymous_1)
FNDA:5,(anonymous_2)
FNDA:2,(anonymous_3)
FNDA:1,(anonymous_4)
FNDA:3,(anonymous_5)
FNDA:1,(anonymous_6)
DA:1,1
DA:2,1
DA:3,1
DA:4,1
DA:15,1
DA:16,12
DA:17,12
DA:18,12
DA:20,12
DA:21,12
DA:23,12
DA:24,5
DA:26,4
DA:27,4
DA:29,4
DA:30,2
DA:31,1
DA:32,3
DA:35,12
DA:36,1
DA:37,1
DA:39,1
DA:42,12
DA:43,8
DA:44,7
DA:46,2
DA:60,1
LF:27
LH:27
BRDA:24,0,0,1
BRDA:37,1,0,1
BRDA:37,1,1,1
BRDA:42,2,0,4
BRDA:43,3,0,1
BRDA:44,4,0,5
BRF:6
BRH:6
end_of_record
TN:
SF:src/components/search/Search.tsx
FN:8,(anonymous_1)
FN:11,(anonymous_2)
FN:15,(anonymous_3)
FNF:3
FNH:3
FNDA:7,(anonymous_1)
FNDA:1,(anonymous_2)
FNDA:1,(anonymous_3)
DA:2,2
DA:8,2
DA:9,7
DA:11,7
DA:12,1
DA:15,7
DA:16,1
DA:17,1
DA:18,1
DA:21,7
DA:37,2
LF:11
LH:11
BRF:0
BRH:0
end_of_record
TN:
SF:src/components/spinner/Spinner.tsx
FN:1,(anonymous_0)
FNF:1
FNH:1
FNDA:17,(anonymous_0)
DA:1,4
DA:2,17
DA:5,4
LF:3
LH:3
BRF:0
BRH:0
end_of_record
TN:
SF:src/hooks/useSearchTerm.tsx
FN:3,(anonymous_0)
FN:8,(anonymous_1)
FNF:2
FNH:2
FNDA:8,(anonymous_0)
FNDA:7,(anonymous_1)
DA:1,2
DA:3,2
DA:4,8
DA:8,8
DA:9,7
DA:12,8
DA:15,2
LF:7
LH:7
BRDA:5,0,0,8
BRDA:5,0,1,3
BRF:2
BRH:2
end_of_record
